[debug] [2025-06-02T20:27:10.932Z] ----------------------------------------------------------------------
[debug] [2025-06-02T20:27:10.934Z] Command:       D:\node.js\node.exe C:\Users\Ofir\AppData\Roaming\npm\node_modules\firebase-tools\lib\bin\firebase.js emulators:start --only functions
[debug] [2025-06-02T20:27:10.934Z] CLI Version:   14.4.0
[debug] [2025-06-02T20:27:10.934Z] Platform:      win32
[debug] [2025-06-02T20:27:10.934Z] Node Version:  v22.16.0
[debug] [2025-06-02T20:27:10.935Z] Time:          Mon Jun 02 2025 23:27:10 GMT+0300 (שעון ישראל (קיץ))
[debug] [2025-06-02T20:27:10.935Z] ----------------------------------------------------------------------
[debug] 
[debug] [2025-06-02T20:27:11.097Z] > command requires scopes: ["email","openid","https://www.googleapis.com/auth/cloudplatformprojects.readonly","https://www.googleapis.com/auth/firebase","https://www.googleapis.com/auth/cloud-platform"]
[debug] [2025-06-02T20:27:11.097Z] > authorizing via signed-in user (ofirdoron19@gmail.com)
[info] i  emulators: Starting emulators: functions {"metadata":{"emulator":{"name":"hub"},"message":"Starting emulators: functions"}}
[debug] [2025-06-02T20:27:11.103Z] [logging] Logging Emulator only supports listening on one address (127.0.0.1). Not listening on ::1
[debug] [2025-06-02T20:27:11.103Z] assigned listening specs for emulators {"user":{"hub":[{"address":"127.0.0.1","family":"IPv4","port":4400},{"address":"::1","family":"IPv6","port":4400}],"ui":[{"address":"127.0.0.1","family":"IPv4","port":4000},{"address":"::1","family":"IPv6","port":4000}],"logging":[{"address":"127.0.0.1","family":"IPv4","port":4500}]},"metadata":{"message":"assigned listening specs for emulators"}}
[debug] [2025-06-02T20:27:11.107Z] [hub] writing locator at C:\Users\Ofir\AppData\Local\Temp\hub-fullstack-home-task.json
[debug] [2025-06-02T20:27:11.117Z] [functions] Functions Emulator only supports listening on one address (127.0.0.1). Not listening on ::1
[debug] [2025-06-02T20:27:11.117Z] [eventarc] Eventarc Emulator only supports listening on one address (127.0.0.1). Not listening on ::1
[debug] [2025-06-02T20:27:11.117Z] [tasks] Cloud Tasks Emulator only supports listening on one address (127.0.0.1). Not listening on ::1
[debug] [2025-06-02T20:27:11.117Z] late-assigned ports for functions and eventarc emulators {"user":{"hub":[{"address":"127.0.0.1","family":"IPv4","port":4400},{"address":"::1","family":"IPv6","port":4400}],"ui":[{"address":"127.0.0.1","family":"IPv4","port":4000},{"address":"::1","family":"IPv6","port":4000}],"logging":[{"address":"127.0.0.1","family":"IPv4","port":4500}],"functions":[{"address":"127.0.0.1","family":"IPv4","port":5001}],"eventarc":[{"address":"127.0.0.1","family":"IPv4","port":9299}],"tasks":[{"address":"127.0.0.1","family":"IPv4","port":9499}]},"metadata":{"message":"late-assigned ports for functions and eventarc emulators"}}
[warn] !  functions: The following emulators are not running, calls to these services from the Functions emulator will affect production: apphosting, auth, firestore, database, hosting, pubsub, storage, dataconnect {"metadata":{"emulator":{"name":"functions"},"message":"The following emulators are not running, calls to these services from the Functions emulator will affect production: \u001b[1mapphosting, auth, firestore, database, hosting, pubsub, storage, dataconnect\u001b[22m"}}
[debug] [2025-06-02T20:27:11.131Z] defaultcredentials: writing to file C:\Users\Ofir\AppData\Roaming\firebase\ofirdoron19_gmail_com_application_default_credentials.json
[debug] [2025-06-02T20:27:11.132Z] Setting GAC to C:\Users\Ofir\AppData\Roaming\firebase\ofirdoron19_gmail_com_application_default_credentials.json {"metadata":{"emulator":{"name":"functions"},"message":"Setting GAC to C:\\Users\\Ofir\\AppData\\Roaming\\firebase\\ofirdoron19_gmail_com_application_default_credentials.json"}}
[debug] [2025-06-02T20:27:11.133Z] Checked if tokens are valid: false, expires at: 1748896927973
[debug] [2025-06-02T20:27:11.133Z] Checked if tokens are valid: false, expires at: 1748896927973
[debug] [2025-06-02T20:27:11.133Z] > refreshing access token with scopes: []
[debug] [2025-06-02T20:27:11.134Z] >>> [apiv2][query] POST https://www.googleapis.com/oauth2/v3/token [none]
[debug] [2025-06-02T20:27:11.134Z] >>> [apiv2][body] POST https://www.googleapis.com/oauth2/v3/token [omitted]
[debug] [2025-06-02T20:27:11.298Z] <<< [apiv2][status] POST https://www.googleapis.com/oauth2/v3/token 200
[debug] [2025-06-02T20:27:11.298Z] <<< [apiv2][body] POST https://www.googleapis.com/oauth2/v3/token [omitted]
[debug] [2025-06-02T20:27:11.315Z] >>> [apiv2][query] GET https://firebase.googleapis.com/v1beta1/projects/fullstack-home-task/adminSdkConfig [none]
[debug] [2025-06-02T20:27:11.630Z] <<< [apiv2][status] GET https://firebase.googleapis.com/v1beta1/projects/fullstack-home-task/adminSdkConfig 200
[debug] [2025-06-02T20:27:11.630Z] <<< [apiv2][body] GET https://firebase.googleapis.com/v1beta1/projects/fullstack-home-task/adminSdkConfig {"projectId":"fullstack-home-task","storageBucket":"fullstack-home-task.firebasestorage.app"}
[info] i  functions: Watching "D:\visual studio projects\2025\fullstack home task\project\frontend-dashboard-task\functions" for Cloud Functions... {"metadata":{"emulator":{"name":"functions"},"message":"Watching \"D:\\visual studio projects\\2025\\fullstack home task\\project\\frontend-dashboard-task\\functions\" for Cloud Functions..."}}
[debug] [2025-06-02T20:27:11.649Z] Validating nodejs source
[debug] [2025-06-02T20:27:12.259Z] > [functions] package.json contents: {
  "name": "functions",
  "scripts": {
    "build": "tsc",
    "build:watch": "tsc --watch",
    "serve": "npm run build && firebase emulators:start --only functions",
    "shell": "npm run build && firebase functions:shell",
    "start": "npm run shell",
    "deploy": "firebase deploy --only functions",
    "logs": "firebase functions:log"
  },
  "engines": {
    "node": "22"
  },
  "main": "lib/index.js",
  "dependencies": {
    "cors": "^2.8.5",
    "firebase-admin": "^12.7.0",
    "firebase-functions": "^6.0.1"
  },
  "devDependencies": {
    "firebase-functions-test": "^3.1.0",
    "typescript": "^4.9.0"
  },
  "private": true
}
[debug] [2025-06-02T20:27:12.259Z] Building nodejs source
[debug] [2025-06-02T20:27:12.259Z] Failed to find version of module node: reached end of search path D:\visual studio projects\2025\fullstack home task\project\frontend-dashboard-task\functions\node_modules
[info] +  functions: Using node@22 from host. 
[debug] [2025-06-02T20:27:12.261Z] Could not find functions.yaml. Must use http discovery
[debug] [2025-06-02T20:27:12.264Z] Found firebase-functions binary at 'D:\visual studio projects\2025\fullstack home task\project\frontend-dashboard-task\functions\node_modules\.bin\firebase-functions'
[info] Serving at port 8239

[debug] [2025-06-02T20:27:12.776Z] Got response from /__/functions.yaml {"endpoints":{"getAllVisits":{"availableMemoryMb":null,"timeoutSeconds":null,"minInstances":null,"maxInstances":null,"ingressSettings":null,"concurrency":null,"serviceAccountEmail":null,"vpc":null,"platform":"gcfv2","labels":{},"httpsTrigger":{},"entryPoint":"getAllVisits"},"addVisits":{"availableMemoryMb":null,"timeoutSeconds":null,"minInstances":null,"maxInstances":null,"ingressSettings":null,"concurrency":null,"serviceAccountEmail":null,"vpc":null,"platform":"gcfv2","labels":{},"httpsTrigger":{},"entryPoint":"addVisits"},"removeVisits":{"availableMemoryMb":null,"timeoutSeconds":null,"minInstances":null,"maxInstances":null,"ingressSettings":null,"concurrency":null,"serviceAccountEmail":null,"vpc":null,"platform":"gcfv2","labels":{},"httpsTrigger":{},"entryPoint":"removeVisits"},"editVisits":{"availableMemoryMb":null,"timeoutSeconds":null,"minInstances":null,"maxInstances":null,"ingressSettings":null,"concurrency":null,"serviceAccountEmail":null,"vpc":null,"platform":"gcfv2","labels":{},"httpsTrigger":{},"entryPoint":"editVisits"}},"specVersion":"v1alpha1","requiredAPIs":[],"extensions":{}}
[debug] [2025-06-02T20:27:15.851Z] [work-queue] {"queuedWork":["/fullstack-home-task/us-central1/getAllVisits-2025-06-02T20:27:15.851Z"],"queueLength":1,"runningWork":[],"workRunningCount":0}
[debug] [2025-06-02T20:27:15.851Z] [work-queue] {"queuedWork":[],"queueLength":0,"runningWork":["/fullstack-home-task/us-central1/getAllVisits-2025-06-02T20:27:15.851Z"],"workRunningCount":1}
[debug] [2025-06-02T20:27:15.851Z] [work-queue] {"queuedWork":[],"queueLength":0,"runningWork":[],"workRunningCount":0}
[debug] [2025-06-02T20:27:15.855Z] [work-queue] {"queuedWork":["/fullstack-home-task/us-central1/getAllVisits-2025-06-02T20:27:15.855Z"],"queueLength":1,"runningWork":[],"workRunningCount":0}
[debug] [2025-06-02T20:27:15.855Z] [work-queue] {"queuedWork":[],"queueLength":0,"runningWork":["/fullstack-home-task/us-central1/getAllVisits-2025-06-02T20:27:15.855Z"],"workRunningCount":1}
[debug] [2025-06-02T20:27:15.855Z] [work-queue] {"queuedWork":[],"queueLength":0,"runningWork":[],"workRunningCount":0}
[info] +  functions: Loaded functions definitions from source: getAllVisits, addVisits, removeVisits, editVisits. {"metadata":{"emulator":{"name":"functions"},"message":"Loaded functions definitions from source: getAllVisits, addVisits, removeVisits, editVisits."}}
[info] +  functions[us-central1-getAllVisits]: http function initialized (http://127.0.0.1:5001/fullstack-home-task/us-central1/getAllVisits). {"metadata":{"emulator":{"name":"functions"},"message":"\u001b[1mhttp\u001b[22m function initialized (http://127.0.0.1:5001/fullstack-home-task/us-central1/getAllVisits)."}}
[info] +  functions[us-central1-addVisits]: http function initialized (http://127.0.0.1:5001/fullstack-home-task/us-central1/addVisits). {"metadata":{"emulator":{"name":"functions"},"message":"\u001b[1mhttp\u001b[22m function initialized (http://127.0.0.1:5001/fullstack-home-task/us-central1/addVisits)."}}
[info] +  functions[us-central1-removeVisits]: http function initialized (http://127.0.0.1:5001/fullstack-home-task/us-central1/removeVisits). {"metadata":{"emulator":{"name":"functions"},"message":"\u001b[1mhttp\u001b[22m function initialized (http://127.0.0.1:5001/fullstack-home-task/us-central1/removeVisits)."}}
[info] +  functions[us-central1-editVisits]: http function initialized (http://127.0.0.1:5001/fullstack-home-task/us-central1/editVisits). {"metadata":{"emulator":{"name":"functions"},"message":"\u001b[1mhttp\u001b[22m function initialized (http://127.0.0.1:5001/fullstack-home-task/us-central1/editVisits)."}}
[debug] [2025-06-02T20:27:16.805Z] Could not find VSCode notification endpoint: FetchError: request to http://localhost:40001/vscode/notify failed, reason: . If you are not running the Firebase Data Connect VSCode extension, this is expected and not an issue.
[info] 
┌─────────────────────────────────────────────────────────────┐
│ ✔  All emulators ready! It is now safe to connect your app. │
│ i  View Emulator UI at http://127.0.0.1:4000/               │
└─────────────────────────────────────────────────────────────┘

┌───────────┬────────────────┬─────────────────────────────────┐
│ Emulator  │ Host:Port      │ View in Emulator UI             │
├───────────┼────────────────┼─────────────────────────────────┤
│ Functions │ 127.0.0.1:5001 │ http://127.0.0.1:4000/functions │
└───────────┴────────────────┴─────────────────────────────────┘
  Emulator Hub host: 127.0.0.1 port: 4400
  Other reserved ports: 4500

Issues? Report them at https://github.com/firebase/firebase-tools/issues and attach the *-debug.log files.
 
[debug] [2025-06-02T20:27:20.345Z] [work-queue] {"queuedWork":["/fullstack-home-task/us-central1/getAllVisits-2025-06-02T20:27:20.345Z"],"queueLength":1,"runningWork":[],"workRunningCount":0}
[debug] [2025-06-02T20:27:20.346Z] [work-queue] {"queuedWork":[],"queueLength":0,"runningWork":["/fullstack-home-task/us-central1/getAllVisits-2025-06-02T20:27:20.345Z"],"workRunningCount":1}
[debug] [2025-06-02T20:27:20.346Z] Accepted request OPTIONS /fullstack-home-task/us-central1/getAllVisits --> us-central1-getAllVisits
[debug] [2025-06-02T20:27:20.346Z] [functions] Runtime ready! Sending request! {"metadata":{"emulator":{"name":"functions"},"message":"[functions] Runtime ready! Sending request!"}}
[debug] [2025-06-02T20:27:20.347Z] [functions] Got req.url=/fullstack-home-task/us-central1/getAllVisits, mapping to path=/ {"metadata":{"emulator":{"name":"functions"},"message":"[functions] Got req.url=/fullstack-home-task/us-central1/getAllVisits, mapping to path=/"}}
[debug] [2025-06-02T20:27:20.353Z] [worker-pool] addWorker(us-central1-getAllVisits) {"metadata":{"emulator":{"name":"functions"},"message":"[worker-pool] addWorker(us-central1-getAllVisits)"}}
[debug] [2025-06-02T20:27:20.353Z] [worker-pool] Adding worker with key us-central1-getAllVisits, total=1 {"metadata":{"emulator":{"name":"functions"},"message":"[worker-pool] Adding worker with key us-central1-getAllVisits, total=1"}}
[debug] [2025-06-02T20:27:20.354Z] [work-queue] {"queuedWork":["/fullstack-home-task/us-central1/getAllVisits-2025-06-02T20:27:20.354Z"],"queueLength":1,"runningWork":["/fullstack-home-task/us-central1/getAllVisits-2025-06-02T20:27:20.345Z"],"workRunningCount":1}
[debug] [2025-06-02T20:27:20.355Z] [work-queue] {"queuedWork":[],"queueLength":0,"runningWork":["/fullstack-home-task/us-central1/getAllVisits-2025-06-02T20:27:20.345Z","/fullstack-home-task/us-central1/getAllVisits-2025-06-02T20:27:20.354Z"],"workRunningCount":2}
[debug] [2025-06-02T20:27:20.355Z] Accepted request OPTIONS /fullstack-home-task/us-central1/getAllVisits --> us-central1-getAllVisits
[debug] [2025-06-02T20:27:20.356Z] [functions] Runtime ready! Sending request! {"metadata":{"emulator":{"name":"functions"},"message":"[functions] Runtime ready! Sending request!"}}
[debug] [2025-06-02T20:27:20.356Z] [functions] Got req.url=/fullstack-home-task/us-central1/getAllVisits, mapping to path=/ {"metadata":{"emulator":{"name":"functions"},"message":"[functions] Got req.url=/fullstack-home-task/us-central1/getAllVisits, mapping to path=/"}}
[debug] [2025-06-02T20:27:20.359Z] [worker-pool] addWorker(us-central1-getAllVisits) {"metadata":{"emulator":{"name":"functions"},"message":"[worker-pool] addWorker(us-central1-getAllVisits)"}}
[debug] [2025-06-02T20:27:20.359Z] [worker-pool] Adding worker with key us-central1-getAllVisits, total=2 {"metadata":{"emulator":{"name":"functions"},"message":"[worker-pool] Adding worker with key us-central1-getAllVisits, total=2"}}
[debug] [2025-06-02T20:27:21.112Z] [runtime-status] [27584] Resolved module firebase-admin {"declared":true,"installed":true,"version":"12.7.0","resolution":"D:\\visual studio projects\\2025\\fullstack home task\\project\\frontend-dashboard-task\\functions\\node_modules\\firebase-admin\\lib\\index.js"} {"metadata":{"emulator":{"name":"functions"},"function":{"name":"us-central1-getAllVisits"},"extension":{},"message":"[runtime-status] [27584] Resolved module firebase-admin {\"declared\":true,\"installed\":true,\"version\":\"12.7.0\",\"resolution\":\"D:\\\\visual studio projects\\\\2025\\\\fullstack home task\\\\project\\\\frontend-dashboard-task\\\\functions\\\\node_modules\\\\firebase-admin\\\\lib\\\\index.js\"}"}}
[debug] [2025-06-02T20:27:21.113Z] [runtime-status] [27584] Resolved module firebase-functions {"declared":true,"installed":true,"version":"6.3.2","resolution":"D:\\visual studio projects\\2025\\fullstack home task\\project\\frontend-dashboard-task\\functions\\node_modules\\firebase-functions\\lib\\v2\\index.js"} {"metadata":{"emulator":{"name":"functions"},"function":{"name":"us-central1-getAllVisits"},"extension":{},"message":"[runtime-status] [27584] Resolved module firebase-functions {\"declared\":true,\"installed\":true,\"version\":\"6.3.2\",\"resolution\":\"D:\\\\visual studio projects\\\\2025\\\\fullstack home task\\\\project\\\\frontend-dashboard-task\\\\functions\\\\node_modules\\\\firebase-functions\\\\lib\\\\v2\\\\index.js\"}"}}
[debug] [2025-06-02T20:27:21.114Z] [runtime-status] [27584] Outgoing network have been stubbed. [{"name":"http","status":"mocked"},{"name":"http","status":"mocked"},{"name":"https","status":"mocked"},{"name":"https","status":"mocked"},{"name":"net","status":"mocked"}] {"metadata":{"emulator":{"name":"functions"},"function":{"name":"us-central1-getAllVisits"},"extension":{},"message":"[runtime-status] [27584] Outgoing network have been stubbed. [{\"name\":\"http\",\"status\":\"mocked\"},{\"name\":\"http\",\"status\":\"mocked\"},{\"name\":\"https\",\"status\":\"mocked\"},{\"name\":\"https\",\"status\":\"mocked\"},{\"name\":\"net\",\"status\":\"mocked\"}]"}}
[debug] [2025-06-02T20:27:21.114Z] [runtime-status] [28748] Resolved module firebase-admin {"declared":true,"installed":true,"version":"12.7.0","resolution":"D:\\visual studio projects\\2025\\fullstack home task\\project\\frontend-dashboard-task\\functions\\node_modules\\firebase-admin\\lib\\index.js"} {"metadata":{"emulator":{"name":"functions"},"function":{"name":"us-central1-getAllVisits"},"extension":{},"message":"[runtime-status] [28748] Resolved module firebase-admin {\"declared\":true,\"installed\":true,\"version\":\"12.7.0\",\"resolution\":\"D:\\\\visual studio projects\\\\2025\\\\fullstack home task\\\\project\\\\frontend-dashboard-task\\\\functions\\\\node_modules\\\\firebase-admin\\\\lib\\\\index.js\"}"}}
[debug] [2025-06-02T20:27:21.114Z] [runtime-status] [27584] Resolved module firebase-functions {"declared":true,"installed":true,"version":"6.3.2","resolution":"D:\\visual studio projects\\2025\\fullstack home task\\project\\frontend-dashboard-task\\functions\\node_modules\\firebase-functions\\lib\\v2\\index.js"} {"metadata":{"emulator":{"name":"functions"},"function":{"name":"us-central1-getAllVisits"},"extension":{},"message":"[runtime-status] [27584] Resolved module firebase-functions {\"declared\":true,\"installed\":true,\"version\":\"6.3.2\",\"resolution\":\"D:\\\\visual studio projects\\\\2025\\\\fullstack home task\\\\project\\\\frontend-dashboard-task\\\\functions\\\\node_modules\\\\firebase-functions\\\\lib\\\\v2\\\\index.js\"}"}}
[debug] [2025-06-02T20:27:21.115Z] [runtime-status] [28748] Resolved module firebase-functions {"declared":true,"installed":true,"version":"6.3.2","resolution":"D:\\visual studio projects\\2025\\fullstack home task\\project\\frontend-dashboard-task\\functions\\node_modules\\firebase-functions\\lib\\v2\\index.js"} {"metadata":{"emulator":{"name":"functions"},"function":{"name":"us-central1-getAllVisits"},"extension":{},"message":"[runtime-status] [28748] Resolved module firebase-functions {\"declared\":true,\"installed\":true,\"version\":\"6.3.2\",\"resolution\":\"D:\\\\visual studio projects\\\\2025\\\\fullstack home task\\\\project\\\\frontend-dashboard-task\\\\functions\\\\node_modules\\\\firebase-functions\\\\lib\\\\v2\\\\index.js\"}"}}
[debug] [2025-06-02T20:27:21.116Z] [runtime-status] [28748] Outgoing network have been stubbed. [{"name":"http","status":"mocked"},{"name":"http","status":"mocked"},{"name":"https","status":"mocked"},{"name":"https","status":"mocked"},{"name":"net","status":"mocked"}] {"metadata":{"emulator":{"name":"functions"},"function":{"name":"us-central1-getAllVisits"},"extension":{},"message":"[runtime-status] [28748] Outgoing network have been stubbed. [{\"name\":\"http\",\"status\":\"mocked\"},{\"name\":\"http\",\"status\":\"mocked\"},{\"name\":\"https\",\"status\":\"mocked\"},{\"name\":\"https\",\"status\":\"mocked\"},{\"name\":\"net\",\"status\":\"mocked\"}]"}}
[debug] [2025-06-02T20:27:21.116Z] [runtime-status] [28748] Resolved module firebase-functions {"declared":true,"installed":true,"version":"6.3.2","resolution":"D:\\visual studio projects\\2025\\fullstack home task\\project\\frontend-dashboard-task\\functions\\node_modules\\firebase-functions\\lib\\v2\\index.js"} {"metadata":{"emulator":{"name":"functions"},"function":{"name":"us-central1-getAllVisits"},"extension":{},"message":"[runtime-status] [28748] Resolved module firebase-functions {\"declared\":true,\"installed\":true,\"version\":\"6.3.2\",\"resolution\":\"D:\\\\visual studio projects\\\\2025\\\\fullstack home task\\\\project\\\\frontend-dashboard-task\\\\functions\\\\node_modules\\\\firebase-functions\\\\lib\\\\v2\\\\index.js\"}"}}
[debug] [2025-06-02T20:27:21.478Z] [runtime-status] [27584] Checked functions.config() {"config":{}} {"metadata":{"emulator":{"name":"functions"},"function":{"name":"us-central1-getAllVisits"},"extension":{},"message":"[runtime-status] [27584] Checked functions.config() {\"config\":{}}"}}
[debug] [2025-06-02T20:27:21.478Z] [runtime-status] [27584] firebase-functions has been stubbed. {"functionsResolution":{"declared":true,"installed":true,"version":"6.3.2","resolution":"D:\\visual studio projects\\2025\\fullstack home task\\project\\frontend-dashboard-task\\functions\\node_modules\\firebase-functions\\lib\\v2\\index.js"}} {"metadata":{"emulator":{"name":"functions"},"function":{"name":"us-central1-getAllVisits"},"extension":{},"message":"[runtime-status] [27584] firebase-functions has been stubbed. {\"functionsResolution\":{\"declared\":true,\"installed\":true,\"version\":\"6.3.2\",\"resolution\":\"D:\\\\visual studio projects\\\\2025\\\\fullstack home task\\\\project\\\\frontend-dashboard-task\\\\functions\\\\node_modules\\\\firebase-functions\\\\lib\\\\v2\\\\index.js\"}}"}}
[debug] [2025-06-02T20:27:21.479Z] [runtime-status] [27584] Resolved module firebase-functions {"declared":true,"installed":true,"version":"6.3.2","resolution":"D:\\visual studio projects\\2025\\fullstack home task\\project\\frontend-dashboard-task\\functions\\node_modules\\firebase-functions\\lib\\v2\\index.js"} {"metadata":{"emulator":{"name":"functions"},"function":{"name":"us-central1-getAllVisits"},"extension":{},"message":"[runtime-status] [27584] Resolved module firebase-functions {\"declared\":true,\"installed\":true,\"version\":\"6.3.2\",\"resolution\":\"D:\\\\visual studio projects\\\\2025\\\\fullstack home task\\\\project\\\\frontend-dashboard-task\\\\functions\\\\node_modules\\\\firebase-functions\\\\lib\\\\v2\\\\index.js\"}"}}
[debug] [2025-06-02T20:27:21.483Z] [runtime-status] [28748] Checked functions.config() {"config":{}} {"metadata":{"emulator":{"name":"functions"},"function":{"name":"us-central1-getAllVisits"},"extension":{},"message":"[runtime-status] [28748] Checked functions.config() {\"config\":{}}"}}
[debug] [2025-06-02T20:27:21.483Z] [runtime-status] [28748] firebase-functions has been stubbed. {"functionsResolution":{"declared":true,"installed":true,"version":"6.3.2","resolution":"D:\\visual studio projects\\2025\\fullstack home task\\project\\frontend-dashboard-task\\functions\\node_modules\\firebase-functions\\lib\\v2\\index.js"}} {"metadata":{"emulator":{"name":"functions"},"function":{"name":"us-central1-getAllVisits"},"extension":{},"message":"[runtime-status] [28748] firebase-functions has been stubbed. {\"functionsResolution\":{\"declared\":true,\"installed\":true,\"version\":\"6.3.2\",\"resolution\":\"D:\\\\visual studio projects\\\\2025\\\\fullstack home task\\\\project\\\\frontend-dashboard-task\\\\functions\\\\node_modules\\\\firebase-functions\\\\lib\\\\v2\\\\index.js\"}}"}}
[debug] [2025-06-02T20:27:21.484Z] [runtime-status] [28748] Resolved module firebase-functions {"declared":true,"installed":true,"version":"6.3.2","resolution":"D:\\visual studio projects\\2025\\fullstack home task\\project\\frontend-dashboard-task\\functions\\node_modules\\firebase-functions\\lib\\v2\\index.js"} {"metadata":{"emulator":{"name":"functions"},"function":{"name":"us-central1-getAllVisits"},"extension":{},"message":"[runtime-status] [28748] Resolved module firebase-functions {\"declared\":true,\"installed\":true,\"version\":\"6.3.2\",\"resolution\":\"D:\\\\visual studio projects\\\\2025\\\\fullstack home task\\\\project\\\\frontend-dashboard-task\\\\functions\\\\node_modules\\\\firebase-functions\\\\lib\\\\v2\\\\index.js\"}"}}
[debug] [2025-06-02T20:27:21.484Z] [runtime-status] [27584] Resolved module firebase-admin {"declared":true,"installed":true,"version":"12.7.0","resolution":"D:\\visual studio projects\\2025\\fullstack home task\\project\\frontend-dashboard-task\\functions\\node_modules\\firebase-admin\\lib\\index.js"} {"metadata":{"emulator":{"name":"functions"},"function":{"name":"us-central1-getAllVisits"},"extension":{},"message":"[runtime-status] [27584] Resolved module firebase-admin {\"declared\":true,\"installed\":true,\"version\":\"12.7.0\",\"resolution\":\"D:\\\\visual studio projects\\\\2025\\\\fullstack home task\\\\project\\\\frontend-dashboard-task\\\\functions\\\\node_modules\\\\firebase-admin\\\\lib\\\\index.js\"}"}}
[debug] [2025-06-02T20:27:21.486Z] [runtime-status] [27584] Resolved module firebase-functions {"declared":true,"installed":true,"version":"6.3.2","resolution":"D:\\visual studio projects\\2025\\fullstack home task\\project\\frontend-dashboard-task\\functions\\node_modules\\firebase-functions\\lib\\v2\\index.js"} {"metadata":{"emulator":{"name":"functions"},"function":{"name":"us-central1-getAllVisits"},"extension":{},"message":"[runtime-status] [27584] Resolved module firebase-functions {\"declared\":true,\"installed\":true,\"version\":\"6.3.2\",\"resolution\":\"D:\\\\visual studio projects\\\\2025\\\\fullstack home task\\\\project\\\\frontend-dashboard-task\\\\functions\\\\node_modules\\\\firebase-functions\\\\lib\\\\v2\\\\index.js\"}"}}
[debug] [2025-06-02T20:27:21.487Z] [runtime-status] [27584] firebase-admin has been stubbed. {"adminResolution":{"declared":true,"installed":true,"version":"12.7.0","resolution":"D:\\visual studio projects\\2025\\fullstack home task\\project\\frontend-dashboard-task\\functions\\node_modules\\firebase-admin\\lib\\index.js"}} {"metadata":{"emulator":{"name":"functions"},"function":{"name":"us-central1-getAllVisits"},"extension":{},"message":"[runtime-status] [27584] firebase-admin has been stubbed. {\"adminResolution\":{\"declared\":true,\"installed\":true,\"version\":\"12.7.0\",\"resolution\":\"D:\\\\visual studio projects\\\\2025\\\\fullstack home task\\\\project\\\\frontend-dashboard-task\\\\functions\\\\node_modules\\\\firebase-admin\\\\lib\\\\index.js\"}}"}}
[debug] [2025-06-02T20:27:21.489Z] [runtime-status] [28748] Resolved module firebase-admin {"declared":true,"installed":true,"version":"12.7.0","resolution":"D:\\visual studio projects\\2025\\fullstack home task\\project\\frontend-dashboard-task\\functions\\node_modules\\firebase-admin\\lib\\index.js"} {"metadata":{"emulator":{"name":"functions"},"function":{"name":"us-central1-getAllVisits"},"extension":{},"message":"[runtime-status] [28748] Resolved module firebase-admin {\"declared\":true,\"installed\":true,\"version\":\"12.7.0\",\"resolution\":\"D:\\\\visual studio projects\\\\2025\\\\fullstack home task\\\\project\\\\frontend-dashboard-task\\\\functions\\\\node_modules\\\\firebase-admin\\\\lib\\\\index.js\"}"}}
[debug] [2025-06-02T20:27:21.491Z] [runtime-status] [28748] Resolved module firebase-functions {"declared":true,"installed":true,"version":"6.3.2","resolution":"D:\\visual studio projects\\2025\\fullstack home task\\project\\frontend-dashboard-task\\functions\\node_modules\\firebase-functions\\lib\\v2\\index.js"} {"metadata":{"emulator":{"name":"functions"},"function":{"name":"us-central1-getAllVisits"},"extension":{},"message":"[runtime-status] [28748] Resolved module firebase-functions {\"declared\":true,\"installed\":true,\"version\":\"6.3.2\",\"resolution\":\"D:\\\\visual studio projects\\\\2025\\\\fullstack home task\\\\project\\\\frontend-dashboard-task\\\\functions\\\\node_modules\\\\firebase-functions\\\\lib\\\\v2\\\\index.js\"}"}}
[debug] [2025-06-02T20:27:21.492Z] [runtime-status] [28748] firebase-admin has been stubbed. {"adminResolution":{"declared":true,"installed":true,"version":"12.7.0","resolution":"D:\\visual studio projects\\2025\\fullstack home task\\project\\frontend-dashboard-task\\functions\\node_modules\\firebase-admin\\lib\\index.js"}} {"metadata":{"emulator":{"name":"functions"},"function":{"name":"us-central1-getAllVisits"},"extension":{},"message":"[runtime-status] [28748] firebase-admin has been stubbed. {\"adminResolution\":{\"declared\":true,\"installed\":true,\"version\":\"12.7.0\",\"resolution\":\"D:\\\\visual studio projects\\\\2025\\\\fullstack home task\\\\project\\\\frontend-dashboard-task\\\\functions\\\\node_modules\\\\firebase-admin\\\\lib\\\\index.js\"}}"}}
[debug] [2025-06-02T20:27:21.494Z] [runtime-status] [27584] Functions runtime initialized. {"cwd":"D:\\visual studio projects\\2025\\fullstack home task\\project\\frontend-dashboard-task\\functions","node_version":"22.16.0"} {"metadata":{"emulator":{"name":"functions"},"function":{"name":"us-central1-getAllVisits"},"extension":{},"message":"[runtime-status] [27584] Functions runtime initialized. {\"cwd\":\"D:\\\\visual studio projects\\\\2025\\\\fullstack home task\\\\project\\\\frontend-dashboard-task\\\\functions\",\"node_version\":\"22.16.0\"}"}}
[debug] [2025-06-02T20:27:21.494Z] [runtime-status] [27584] Listening to port: \\?\pipe\fire_emu_b37fb6fdb111dfde {"metadata":{"emulator":{"name":"functions"},"function":{"name":"us-central1-getAllVisits"},"extension":{},"message":"[runtime-status] [27584] Listening to port: \\\\?\\pipe\\fire_emu_b37fb6fdb111dfde"}}
[debug] [2025-06-02T20:27:21.499Z] [runtime-status] [28748] Functions runtime initialized. {"cwd":"D:\\visual studio projects\\2025\\fullstack home task\\project\\frontend-dashboard-task\\functions","node_version":"22.16.0"} {"metadata":{"emulator":{"name":"functions"},"function":{"name":"us-central1-getAllVisits"},"extension":{},"message":"[runtime-status] [28748] Functions runtime initialized. {\"cwd\":\"D:\\\\visual studio projects\\\\2025\\\\fullstack home task\\\\project\\\\frontend-dashboard-task\\\\functions\",\"node_version\":\"22.16.0\"}"}}
[debug] [2025-06-02T20:27:21.499Z] [runtime-status] [28748] Listening to port: \\?\pipe\fire_emu_6724c34d40cfe3c1 {"metadata":{"emulator":{"name":"functions"},"function":{"name":"us-central1-getAllVisits"},"extension":{},"message":"[runtime-status] [28748] Listening to port: \\\\?\\pipe\\fire_emu_6724c34d40cfe3c1"}}
[debug] [2025-06-02T20:27:21.518Z] [worker-us-central1-getAllVisits-d56f6ed4-4fe2-4123-ba0e-14ae22ecf8b5]: IDLE {"metadata":{"emulator":{"name":"functions"},"function":{"name":"us-central1-getAllVisits"},"extension":{},"message":"[worker-us-central1-getAllVisits-d56f6ed4-4fe2-4123-ba0e-14ae22ecf8b5]: IDLE"}}
[debug] [2025-06-02T20:27:21.518Z] [worker-pool] submitRequest(triggerId=us-central1-getAllVisits) {"metadata":{"emulator":{"name":"functions"},"message":"[worker-pool] submitRequest(triggerId=us-central1-getAllVisits)"}}
[info] i  functions: Beginning execution of "us-central1-getAllVisits" {"metadata":{"emulator":{"name":"functions"},"function":{"name":"us-central1-getAllVisits"},"extension":{},"message":"Beginning execution of \"us-central1-getAllVisits\""}}
[debug] [2025-06-02T20:27:21.519Z] [worker-us-central1-getAllVisits-d56f6ed4-4fe2-4123-ba0e-14ae22ecf8b5]: BUSY {"metadata":{"emulator":{"name":"functions"},"function":{"name":"us-central1-getAllVisits"},"extension":{},"message":"[worker-us-central1-getAllVisits-d56f6ed4-4fe2-4123-ba0e-14ae22ecf8b5]: BUSY"}}
[debug] [2025-06-02T20:27:21.521Z] Finishing up request with event=pause {"metadata":{"emulator":{"name":"functions"},"function":{"name":"us-central1-getAllVisits"},"extension":{},"message":"Finishing up request with event=pause"}}
[info] i  functions: Finished "us-central1-getAllVisits" in 2.0616ms {"metadata":{"emulator":{"name":"functions"},"function":{"name":"us-central1-getAllVisits"},"extension":{},"message":"Finished \"us-central1-getAllVisits\" in 2.0616ms"}}
[debug] [2025-06-02T20:27:21.521Z] [worker-us-central1-getAllVisits-d56f6ed4-4fe2-4123-ba0e-14ae22ecf8b5]: IDLE {"metadata":{"emulator":{"name":"functions"},"function":{"name":"us-central1-getAllVisits"},"extension":{},"message":"[worker-us-central1-getAllVisits-d56f6ed4-4fe2-4123-ba0e-14ae22ecf8b5]: IDLE"}}
[debug] [2025-06-02T20:27:21.521Z] Finishing up request with event=finish {"metadata":{"emulator":{"name":"functions"},"function":{"name":"us-central1-getAllVisits"},"extension":{},"message":"Finishing up request with event=finish"}}
[debug] [2025-06-02T20:27:21.521Z] Finishing up request with event=close {"metadata":{"emulator":{"name":"functions"},"function":{"name":"us-central1-getAllVisits"},"extension":{},"message":"Finishing up request with event=close"}}
[debug] [2025-06-02T20:27:21.521Z] [work-queue] {"queuedWork":[],"queueLength":0,"runningWork":["/fullstack-home-task/us-central1/getAllVisits-2025-06-02T20:27:20.354Z"],"workRunningCount":1}
[debug] [2025-06-02T20:27:21.522Z] [work-queue] {"queuedWork":["/fullstack-home-task/us-central1/getAllVisits-2025-06-02T20:27:21.522Z"],"queueLength":1,"runningWork":["/fullstack-home-task/us-central1/getAllVisits-2025-06-02T20:27:20.354Z"],"workRunningCount":1}
[debug] [2025-06-02T20:27:21.522Z] [work-queue] {"queuedWork":[],"queueLength":0,"runningWork":["/fullstack-home-task/us-central1/getAllVisits-2025-06-02T20:27:20.354Z","/fullstack-home-task/us-central1/getAllVisits-2025-06-02T20:27:21.522Z"],"workRunningCount":2}
[debug] [2025-06-02T20:27:21.522Z] Accepted request GET /fullstack-home-task/us-central1/getAllVisits --> us-central1-getAllVisits
[debug] [2025-06-02T20:27:21.522Z] [functions] Runtime ready! Sending request! {"metadata":{"emulator":{"name":"functions"},"message":"[functions] Runtime ready! Sending request!"}}
[debug] [2025-06-02T20:27:21.522Z] [functions] Got req.url=/fullstack-home-task/us-central1/getAllVisits, mapping to path=/ {"metadata":{"emulator":{"name":"functions"},"message":"[functions] Got req.url=/fullstack-home-task/us-central1/getAllVisits, mapping to path=/"}}
[debug] [2025-06-02T20:27:21.522Z] [worker-pool] submitRequest(triggerId=us-central1-getAllVisits) {"metadata":{"emulator":{"name":"functions"},"message":"[worker-pool] submitRequest(triggerId=us-central1-getAllVisits)"}}
[info] i  functions: Beginning execution of "us-central1-getAllVisits" {"metadata":{"emulator":{"name":"functions"},"function":{"name":"us-central1-getAllVisits"},"extension":{},"message":"Beginning execution of \"us-central1-getAllVisits\""}}
[debug] [2025-06-02T20:27:21.523Z] [worker-us-central1-getAllVisits-d56f6ed4-4fe2-4123-ba0e-14ae22ecf8b5]: BUSY {"metadata":{"emulator":{"name":"functions"},"function":{"name":"us-central1-getAllVisits"},"extension":{},"message":"[worker-us-central1-getAllVisits-d56f6ed4-4fe2-4123-ba0e-14ae22ecf8b5]: BUSY"}}
[debug] [2025-06-02T20:27:21.533Z] [worker-us-central1-getAllVisits-db7a9364-7b81-46fa-8ca8-67b1be7a0559]: IDLE {"metadata":{"emulator":{"name":"functions"},"function":{"name":"us-central1-getAllVisits"},"extension":{},"message":"[worker-us-central1-getAllVisits-db7a9364-7b81-46fa-8ca8-67b1be7a0559]: IDLE"}}
[debug] [2025-06-02T20:27:21.533Z] [worker-pool] submitRequest(triggerId=us-central1-getAllVisits) {"metadata":{"emulator":{"name":"functions"},"message":"[worker-pool] submitRequest(triggerId=us-central1-getAllVisits)"}}
[info] i  functions: Beginning execution of "us-central1-getAllVisits" {"metadata":{"emulator":{"name":"functions"},"function":{"name":"us-central1-getAllVisits"},"extension":{},"message":"Beginning execution of \"us-central1-getAllVisits\""}}
[debug] [2025-06-02T20:27:21.534Z] [worker-us-central1-getAllVisits-db7a9364-7b81-46fa-8ca8-67b1be7a0559]: BUSY {"metadata":{"emulator":{"name":"functions"},"function":{"name":"us-central1-getAllVisits"},"extension":{},"message":"[worker-us-central1-getAllVisits-db7a9364-7b81-46fa-8ca8-67b1be7a0559]: BUSY"}}
[debug] [2025-06-02T20:27:21.536Z] Finishing up request with event=pause {"metadata":{"emulator":{"name":"functions"},"function":{"name":"us-central1-getAllVisits"},"extension":{},"message":"Finishing up request with event=pause"}}
[info] i  functions: Finished "us-central1-getAllVisits" in 2.0678ms {"metadata":{"emulator":{"name":"functions"},"function":{"name":"us-central1-getAllVisits"},"extension":{},"message":"Finished \"us-central1-getAllVisits\" in 2.0678ms"}}
[debug] [2025-06-02T20:27:21.536Z] [worker-us-central1-getAllVisits-db7a9364-7b81-46fa-8ca8-67b1be7a0559]: IDLE {"metadata":{"emulator":{"name":"functions"},"function":{"name":"us-central1-getAllVisits"},"extension":{},"message":"[worker-us-central1-getAllVisits-db7a9364-7b81-46fa-8ca8-67b1be7a0559]: IDLE"}}
[debug] [2025-06-02T20:27:21.536Z] Finishing up request with event=finish {"metadata":{"emulator":{"name":"functions"},"function":{"name":"us-central1-getAllVisits"},"extension":{},"message":"Finishing up request with event=finish"}}
[debug] [2025-06-02T20:27:21.536Z] Finishing up request with event=close {"metadata":{"emulator":{"name":"functions"},"function":{"name":"us-central1-getAllVisits"},"extension":{},"message":"Finishing up request with event=close"}}
[debug] [2025-06-02T20:27:21.536Z] [work-queue] {"queuedWork":[],"queueLength":0,"runningWork":["/fullstack-home-task/us-central1/getAllVisits-2025-06-02T20:27:21.522Z"],"workRunningCount":1}
[warn] !  Google API requested!
   - URL: "https://oauth2.googleapis.com/token"
   - Be careful, this may be a production service. {"metadata":{"emulator":{"name":"functions"},"function":{"name":"us-central1-getAllVisits"},"extension":{},"message":"Google API requested!\n   - URL: \"https://oauth2.googleapis.com/token\"\n   - Be careful, this may be a production service."}}
[debug] [2025-06-02T20:27:22.285Z] Finishing up request with event=pause {"metadata":{"emulator":{"name":"functions"},"function":{"name":"us-central1-getAllVisits"},"extension":{},"message":"Finishing up request with event=pause"}}
[info] i  functions: Finished "us-central1-getAllVisits" in 762.3017ms {"metadata":{"emulator":{"name":"functions"},"function":{"name":"us-central1-getAllVisits"},"extension":{},"message":"Finished \"us-central1-getAllVisits\" in 762.3017ms"}}
[debug] [2025-06-02T20:27:22.285Z] [worker-us-central1-getAllVisits-d56f6ed4-4fe2-4123-ba0e-14ae22ecf8b5]: IDLE {"metadata":{"emulator":{"name":"functions"},"function":{"name":"us-central1-getAllVisits"},"extension":{},"message":"[worker-us-central1-getAllVisits-d56f6ed4-4fe2-4123-ba0e-14ae22ecf8b5]: IDLE"}}
[debug] [2025-06-02T20:27:22.285Z] Finishing up request with event=finish {"metadata":{"emulator":{"name":"functions"},"function":{"name":"us-central1-getAllVisits"},"extension":{},"message":"Finishing up request with event=finish"}}
[debug] [2025-06-02T20:27:22.285Z] Finishing up request with event=close {"metadata":{"emulator":{"name":"functions"},"function":{"name":"us-central1-getAllVisits"},"extension":{},"message":"Finishing up request with event=close"}}
[debug] [2025-06-02T20:27:22.285Z] [work-queue] {"queuedWork":[],"queueLength":0,"runningWork":[],"workRunningCount":0}
[debug] [2025-06-02T20:27:22.286Z] [work-queue] {"queuedWork":["/fullstack-home-task/us-central1/getAllVisits-2025-06-02T20:27:22.286Z"],"queueLength":1,"runningWork":[],"workRunningCount":0}
[debug] [2025-06-02T20:27:22.286Z] [work-queue] {"queuedWork":[],"queueLength":0,"runningWork":["/fullstack-home-task/us-central1/getAllVisits-2025-06-02T20:27:22.286Z"],"workRunningCount":1}
[debug] [2025-06-02T20:27:22.286Z] Accepted request GET /fullstack-home-task/us-central1/getAllVisits --> us-central1-getAllVisits
[debug] [2025-06-02T20:27:22.286Z] [functions] Runtime ready! Sending request! {"metadata":{"emulator":{"name":"functions"},"message":"[functions] Runtime ready! Sending request!"}}
[debug] [2025-06-02T20:27:22.286Z] [functions] Got req.url=/fullstack-home-task/us-central1/getAllVisits, mapping to path=/ {"metadata":{"emulator":{"name":"functions"},"message":"[functions] Got req.url=/fullstack-home-task/us-central1/getAllVisits, mapping to path=/"}}
[debug] [2025-06-02T20:27:22.286Z] [worker-pool] submitRequest(triggerId=us-central1-getAllVisits) {"metadata":{"emulator":{"name":"functions"},"message":"[worker-pool] submitRequest(triggerId=us-central1-getAllVisits)"}}
[info] i  functions: Beginning execution of "us-central1-getAllVisits" {"metadata":{"emulator":{"name":"functions"},"function":{"name":"us-central1-getAllVisits"},"extension":{},"message":"Beginning execution of \"us-central1-getAllVisits\""}}
[debug] [2025-06-02T20:27:22.287Z] [worker-us-central1-getAllVisits-d56f6ed4-4fe2-4123-ba0e-14ae22ecf8b5]: BUSY {"metadata":{"emulator":{"name":"functions"},"function":{"name":"us-central1-getAllVisits"},"extension":{},"message":"[worker-us-central1-getAllVisits-d56f6ed4-4fe2-4123-ba0e-14ae22ecf8b5]: BUSY"}}
[debug] [2025-06-02T20:27:22.592Z] Finishing up request with event=pause {"metadata":{"emulator":{"name":"functions"},"function":{"name":"us-central1-getAllVisits"},"extension":{},"message":"Finishing up request with event=pause"}}
[info] i  functions: Finished "us-central1-getAllVisits" in 305.8492ms {"metadata":{"emulator":{"name":"functions"},"function":{"name":"us-central1-getAllVisits"},"extension":{},"message":"Finished \"us-central1-getAllVisits\" in 305.8492ms"}}
[debug] [2025-06-02T20:27:22.593Z] [worker-us-central1-getAllVisits-d56f6ed4-4fe2-4123-ba0e-14ae22ecf8b5]: IDLE {"metadata":{"emulator":{"name":"functions"},"function":{"name":"us-central1-getAllVisits"},"extension":{},"message":"[worker-us-central1-getAllVisits-d56f6ed4-4fe2-4123-ba0e-14ae22ecf8b5]: IDLE"}}
[debug] [2025-06-02T20:27:22.593Z] Finishing up request with event=finish {"metadata":{"emulator":{"name":"functions"},"function":{"name":"us-central1-getAllVisits"},"extension":{},"message":"Finishing up request with event=finish"}}
[debug] [2025-06-02T20:27:22.593Z] Finishing up request with event=close {"metadata":{"emulator":{"name":"functions"},"function":{"name":"us-central1-getAllVisits"},"extension":{},"message":"Finishing up request with event=close"}}
[debug] [2025-06-02T20:27:22.593Z] [work-queue] {"queuedWork":[],"queueLength":0,"runningWork":[],"workRunningCount":0}
[debug] [2025-06-02T20:28:54.513Z] [work-queue] {"queuedWork":["/fullstack-home-task/us-central1/getAllVisits-2025-06-02T20:28:54.512Z"],"queueLength":1,"runningWork":[],"workRunningCount":0}
[debug] [2025-06-02T20:28:54.513Z] [work-queue] {"queuedWork":[],"queueLength":0,"runningWork":["/fullstack-home-task/us-central1/getAllVisits-2025-06-02T20:28:54.512Z"],"workRunningCount":1}
[debug] [2025-06-02T20:28:54.513Z] Accepted request OPTIONS /fullstack-home-task/us-central1/getAllVisits --> us-central1-getAllVisits
[debug] [2025-06-02T20:28:54.514Z] [functions] Runtime ready! Sending request! {"metadata":{"emulator":{"name":"functions"},"message":"[functions] Runtime ready! Sending request!"}}
[debug] [2025-06-02T20:28:54.514Z] [functions] Got req.url=/fullstack-home-task/us-central1/getAllVisits, mapping to path=/ {"metadata":{"emulator":{"name":"functions"},"message":"[functions] Got req.url=/fullstack-home-task/us-central1/getAllVisits, mapping to path=/"}}
[debug] [2025-06-02T20:28:54.514Z] [worker-pool] submitRequest(triggerId=us-central1-getAllVisits) {"metadata":{"emulator":{"name":"functions"},"message":"[worker-pool] submitRequest(triggerId=us-central1-getAllVisits)"}}
[info] i  functions: Beginning execution of "us-central1-getAllVisits" {"metadata":{"emulator":{"name":"functions"},"function":{"name":"us-central1-getAllVisits"},"extension":{},"message":"Beginning execution of \"us-central1-getAllVisits\""}}
[debug] [2025-06-02T20:28:54.514Z] [worker-us-central1-getAllVisits-d56f6ed4-4fe2-4123-ba0e-14ae22ecf8b5]: BUSY {"metadata":{"emulator":{"name":"functions"},"function":{"name":"us-central1-getAllVisits"},"extension":{},"message":"[worker-us-central1-getAllVisits-d56f6ed4-4fe2-4123-ba0e-14ae22ecf8b5]: BUSY"}}
[debug] [2025-06-02T20:28:54.515Z] [work-queue] {"queuedWork":["/fullstack-home-task/us-central1/getAllVisits-2025-06-02T20:28:54.515Z"],"queueLength":1,"runningWork":["/fullstack-home-task/us-central1/getAllVisits-2025-06-02T20:28:54.512Z"],"workRunningCount":1}
[debug] [2025-06-02T20:28:54.515Z] [work-queue] {"queuedWork":[],"queueLength":0,"runningWork":["/fullstack-home-task/us-central1/getAllVisits-2025-06-02T20:28:54.512Z","/fullstack-home-task/us-central1/getAllVisits-2025-06-02T20:28:54.515Z"],"workRunningCount":2}
[debug] [2025-06-02T20:28:54.515Z] Accepted request OPTIONS /fullstack-home-task/us-central1/getAllVisits --> us-central1-getAllVisits
[debug] [2025-06-02T20:28:54.516Z] [functions] Runtime ready! Sending request! {"metadata":{"emulator":{"name":"functions"},"message":"[functions] Runtime ready! Sending request!"}}
[debug] [2025-06-02T20:28:54.516Z] [functions] Got req.url=/fullstack-home-task/us-central1/getAllVisits, mapping to path=/ {"metadata":{"emulator":{"name":"functions"},"message":"[functions] Got req.url=/fullstack-home-task/us-central1/getAllVisits, mapping to path=/"}}
[debug] [2025-06-02T20:28:54.516Z] [worker-pool] submitRequest(triggerId=us-central1-getAllVisits) {"metadata":{"emulator":{"name":"functions"},"message":"[worker-pool] submitRequest(triggerId=us-central1-getAllVisits)"}}
[info] i  functions: Beginning execution of "us-central1-getAllVisits" {"metadata":{"emulator":{"name":"functions"},"function":{"name":"us-central1-getAllVisits"},"extension":{},"message":"Beginning execution of \"us-central1-getAllVisits\""}}
[debug] [2025-06-02T20:28:54.516Z] [worker-us-central1-getAllVisits-db7a9364-7b81-46fa-8ca8-67b1be7a0559]: BUSY {"metadata":{"emulator":{"name":"functions"},"function":{"name":"us-central1-getAllVisits"},"extension":{},"message":"[worker-us-central1-getAllVisits-db7a9364-7b81-46fa-8ca8-67b1be7a0559]: BUSY"}}
[debug] [2025-06-02T20:28:54.517Z] Finishing up request with event=pause {"metadata":{"emulator":{"name":"functions"},"function":{"name":"us-central1-getAllVisits"},"extension":{},"message":"Finishing up request with event=pause"}}
[info] i  functions: Finished "us-central1-getAllVisits" in 2.7803ms {"metadata":{"emulator":{"name":"functions"},"function":{"name":"us-central1-getAllVisits"},"extension":{},"message":"Finished \"us-central1-getAllVisits\" in 2.7803ms"}}
[debug] [2025-06-02T20:28:54.517Z] [worker-us-central1-getAllVisits-d56f6ed4-4fe2-4123-ba0e-14ae22ecf8b5]: IDLE {"metadata":{"emulator":{"name":"functions"},"function":{"name":"us-central1-getAllVisits"},"extension":{},"message":"[worker-us-central1-getAllVisits-d56f6ed4-4fe2-4123-ba0e-14ae22ecf8b5]: IDLE"}}
[debug] [2025-06-02T20:28:54.517Z] Finishing up request with event=finish {"metadata":{"emulator":{"name":"functions"},"function":{"name":"us-central1-getAllVisits"},"extension":{},"message":"Finishing up request with event=finish"}}
[debug] [2025-06-02T20:28:54.517Z] Finishing up request with event=close {"metadata":{"emulator":{"name":"functions"},"function":{"name":"us-central1-getAllVisits"},"extension":{},"message":"Finishing up request with event=close"}}
[debug] [2025-06-02T20:28:54.517Z] [work-queue] {"queuedWork":[],"queueLength":0,"runningWork":["/fullstack-home-task/us-central1/getAllVisits-2025-06-02T20:28:54.515Z"],"workRunningCount":1}
[debug] [2025-06-02T20:28:54.518Z] Finishing up request with event=pause {"metadata":{"emulator":{"name":"functions"},"function":{"name":"us-central1-getAllVisits"},"extension":{},"message":"Finishing up request with event=pause"}}
[info] i  functions: Finished "us-central1-getAllVisits" in 1.4316ms {"metadata":{"emulator":{"name":"functions"},"function":{"name":"us-central1-getAllVisits"},"extension":{},"message":"Finished \"us-central1-getAllVisits\" in 1.4316ms"}}
[debug] [2025-06-02T20:28:54.518Z] [worker-us-central1-getAllVisits-db7a9364-7b81-46fa-8ca8-67b1be7a0559]: IDLE {"metadata":{"emulator":{"name":"functions"},"function":{"name":"us-central1-getAllVisits"},"extension":{},"message":"[worker-us-central1-getAllVisits-db7a9364-7b81-46fa-8ca8-67b1be7a0559]: IDLE"}}
[debug] [2025-06-02T20:28:54.518Z] Finishing up request with event=finish {"metadata":{"emulator":{"name":"functions"},"function":{"name":"us-central1-getAllVisits"},"extension":{},"message":"Finishing up request with event=finish"}}
[debug] [2025-06-02T20:28:54.518Z] Finishing up request with event=close {"metadata":{"emulator":{"name":"functions"},"function":{"name":"us-central1-getAllVisits"},"extension":{},"message":"Finishing up request with event=close"}}
[debug] [2025-06-02T20:28:54.518Z] [work-queue] {"queuedWork":[],"queueLength":0,"runningWork":[],"workRunningCount":0}
[debug] [2025-06-02T20:28:54.518Z] [work-queue] {"queuedWork":["/fullstack-home-task/us-central1/getAllVisits-2025-06-02T20:28:54.518Z"],"queueLength":1,"runningWork":[],"workRunningCount":0}
[debug] [2025-06-02T20:28:54.518Z] [work-queue] {"queuedWork":[],"queueLength":0,"runningWork":["/fullstack-home-task/us-central1/getAllVisits-2025-06-02T20:28:54.518Z"],"workRunningCount":1}
[debug] [2025-06-02T20:28:54.518Z] Accepted request GET /fullstack-home-task/us-central1/getAllVisits --> us-central1-getAllVisits
[debug] [2025-06-02T20:28:54.519Z] [functions] Runtime ready! Sending request! {"metadata":{"emulator":{"name":"functions"},"message":"[functions] Runtime ready! Sending request!"}}
[debug] [2025-06-02T20:28:54.519Z] [functions] Got req.url=/fullstack-home-task/us-central1/getAllVisits, mapping to path=/ {"metadata":{"emulator":{"name":"functions"},"message":"[functions] Got req.url=/fullstack-home-task/us-central1/getAllVisits, mapping to path=/"}}
[debug] [2025-06-02T20:28:54.519Z] [worker-pool] submitRequest(triggerId=us-central1-getAllVisits) {"metadata":{"emulator":{"name":"functions"},"message":"[worker-pool] submitRequest(triggerId=us-central1-getAllVisits)"}}
[info] i  functions: Beginning execution of "us-central1-getAllVisits" {"metadata":{"emulator":{"name":"functions"},"function":{"name":"us-central1-getAllVisits"},"extension":{},"message":"Beginning execution of \"us-central1-getAllVisits\""}}
[debug] [2025-06-02T20:28:54.520Z] [worker-us-central1-getAllVisits-d56f6ed4-4fe2-4123-ba0e-14ae22ecf8b5]: BUSY {"metadata":{"emulator":{"name":"functions"},"function":{"name":"us-central1-getAllVisits"},"extension":{},"message":"[worker-us-central1-getAllVisits-d56f6ed4-4fe2-4123-ba0e-14ae22ecf8b5]: BUSY"}}
[debug] [2025-06-02T20:28:54.677Z] Finishing up request with event=pause {"metadata":{"emulator":{"name":"functions"},"function":{"name":"us-central1-getAllVisits"},"extension":{},"message":"Finishing up request with event=pause"}}
[info] i  functions: Finished "us-central1-getAllVisits" in 157.2374ms {"metadata":{"emulator":{"name":"functions"},"function":{"name":"us-central1-getAllVisits"},"extension":{},"message":"Finished \"us-central1-getAllVisits\" in 157.2374ms"}}
[debug] [2025-06-02T20:28:54.677Z] [worker-us-central1-getAllVisits-d56f6ed4-4fe2-4123-ba0e-14ae22ecf8b5]: IDLE {"metadata":{"emulator":{"name":"functions"},"function":{"name":"us-central1-getAllVisits"},"extension":{},"message":"[worker-us-central1-getAllVisits-d56f6ed4-4fe2-4123-ba0e-14ae22ecf8b5]: IDLE"}}
[debug] [2025-06-02T20:28:54.677Z] Finishing up request with event=finish {"metadata":{"emulator":{"name":"functions"},"function":{"name":"us-central1-getAllVisits"},"extension":{},"message":"Finishing up request with event=finish"}}
[debug] [2025-06-02T20:28:54.677Z] Finishing up request with event=close {"metadata":{"emulator":{"name":"functions"},"function":{"name":"us-central1-getAllVisits"},"extension":{},"message":"Finishing up request with event=close"}}
[debug] [2025-06-02T20:28:54.678Z] [work-queue] {"queuedWork":[],"queueLength":0,"runningWork":[],"workRunningCount":0}
[debug] [2025-06-02T20:28:54.678Z] [work-queue] {"queuedWork":["/fullstack-home-task/us-central1/getAllVisits-2025-06-02T20:28:54.678Z"],"queueLength":1,"runningWork":[],"workRunningCount":0}
[debug] [2025-06-02T20:28:54.678Z] [work-queue] {"queuedWork":[],"queueLength":0,"runningWork":["/fullstack-home-task/us-central1/getAllVisits-2025-06-02T20:28:54.678Z"],"workRunningCount":1}
[debug] [2025-06-02T20:28:54.678Z] Accepted request GET /fullstack-home-task/us-central1/getAllVisits --> us-central1-getAllVisits
[debug] [2025-06-02T20:28:54.678Z] [functions] Runtime ready! Sending request! {"metadata":{"emulator":{"name":"functions"},"message":"[functions] Runtime ready! Sending request!"}}
[debug] [2025-06-02T20:28:54.678Z] [functions] Got req.url=/fullstack-home-task/us-central1/getAllVisits, mapping to path=/ {"metadata":{"emulator":{"name":"functions"},"message":"[functions] Got req.url=/fullstack-home-task/us-central1/getAllVisits, mapping to path=/"}}
[debug] [2025-06-02T20:28:54.678Z] [worker-pool] submitRequest(triggerId=us-central1-getAllVisits) {"metadata":{"emulator":{"name":"functions"},"message":"[worker-pool] submitRequest(triggerId=us-central1-getAllVisits)"}}
[info] i  functions: Beginning execution of "us-central1-getAllVisits" {"metadata":{"emulator":{"name":"functions"},"function":{"name":"us-central1-getAllVisits"},"extension":{},"message":"Beginning execution of \"us-central1-getAllVisits\""}}
[debug] [2025-06-02T20:28:54.679Z] [worker-us-central1-getAllVisits-d56f6ed4-4fe2-4123-ba0e-14ae22ecf8b5]: BUSY {"metadata":{"emulator":{"name":"functions"},"function":{"name":"us-central1-getAllVisits"},"extension":{},"message":"[worker-us-central1-getAllVisits-d56f6ed4-4fe2-4123-ba0e-14ae22ecf8b5]: BUSY"}}
[debug] [2025-06-02T20:28:54.879Z] Finishing up request with event=pause {"metadata":{"emulator":{"name":"functions"},"function":{"name":"us-central1-getAllVisits"},"extension":{},"message":"Finishing up request with event=pause"}}
[info] i  functions: Finished "us-central1-getAllVisits" in 200.5318ms {"metadata":{"emulator":{"name":"functions"},"function":{"name":"us-central1-getAllVisits"},"extension":{},"message":"Finished \"us-central1-getAllVisits\" in 200.5318ms"}}
[debug] [2025-06-02T20:28:54.879Z] [worker-us-central1-getAllVisits-d56f6ed4-4fe2-4123-ba0e-14ae22ecf8b5]: IDLE {"metadata":{"emulator":{"name":"functions"},"function":{"name":"us-central1-getAllVisits"},"extension":{},"message":"[worker-us-central1-getAllVisits-d56f6ed4-4fe2-4123-ba0e-14ae22ecf8b5]: IDLE"}}
[debug] [2025-06-02T20:28:54.880Z] Finishing up request with event=finish {"metadata":{"emulator":{"name":"functions"},"function":{"name":"us-central1-getAllVisits"},"extension":{},"message":"Finishing up request with event=finish"}}
[debug] [2025-06-02T20:28:54.880Z] Finishing up request with event=close {"metadata":{"emulator":{"name":"functions"},"function":{"name":"us-central1-getAllVisits"},"extension":{},"message":"Finishing up request with event=close"}}
[debug] [2025-06-02T20:28:54.880Z] [work-queue] {"queuedWork":[],"queueLength":0,"runningWork":[],"workRunningCount":0}
[debug] [2025-06-02T20:35:04.153Z] [work-queue] {"queuedWork":["/fullstack-home-task/us-central1/getAllVisits-2025-06-02T20:35:04.153Z"],"queueLength":1,"runningWork":[],"workRunningCount":0}
[debug] [2025-06-02T20:35:04.153Z] [work-queue] {"queuedWork":[],"queueLength":0,"runningWork":["/fullstack-home-task/us-central1/getAllVisits-2025-06-02T20:35:04.153Z"],"workRunningCount":1}
[debug] [2025-06-02T20:35:04.154Z] Accepted request OPTIONS /fullstack-home-task/us-central1/getAllVisits --> us-central1-getAllVisits
[debug] [2025-06-02T20:35:04.155Z] [functions] Runtime ready! Sending request! {"metadata":{"emulator":{"name":"functions"},"message":"[functions] Runtime ready! Sending request!"}}
[debug] [2025-06-02T20:35:04.155Z] [functions] Got req.url=/fullstack-home-task/us-central1/getAllVisits, mapping to path=/ {"metadata":{"emulator":{"name":"functions"},"message":"[functions] Got req.url=/fullstack-home-task/us-central1/getAllVisits, mapping to path=/"}}
[debug] [2025-06-02T20:35:04.155Z] [worker-pool] submitRequest(triggerId=us-central1-getAllVisits) {"metadata":{"emulator":{"name":"functions"},"message":"[worker-pool] submitRequest(triggerId=us-central1-getAllVisits)"}}
[info] i  functions: Beginning execution of "us-central1-getAllVisits" {"metadata":{"emulator":{"name":"functions"},"function":{"name":"us-central1-getAllVisits"},"extension":{},"message":"Beginning execution of \"us-central1-getAllVisits\""}}
[debug] [2025-06-02T20:35:04.156Z] [worker-us-central1-getAllVisits-d56f6ed4-4fe2-4123-ba0e-14ae22ecf8b5]: BUSY {"metadata":{"emulator":{"name":"functions"},"function":{"name":"us-central1-getAllVisits"},"extension":{},"message":"[worker-us-central1-getAllVisits-d56f6ed4-4fe2-4123-ba0e-14ae22ecf8b5]: BUSY"}}
[debug] [2025-06-02T20:35:04.156Z] [work-queue] {"queuedWork":["/fullstack-home-task/us-central1/getAllVisits-2025-06-02T20:35:04.156Z"],"queueLength":1,"runningWork":["/fullstack-home-task/us-central1/getAllVisits-2025-06-02T20:35:04.153Z"],"workRunningCount":1}
[debug] [2025-06-02T20:35:04.156Z] [work-queue] {"queuedWork":[],"queueLength":0,"runningWork":["/fullstack-home-task/us-central1/getAllVisits-2025-06-02T20:35:04.153Z","/fullstack-home-task/us-central1/getAllVisits-2025-06-02T20:35:04.156Z"],"workRunningCount":2}
[debug] [2025-06-02T20:35:04.156Z] Accepted request OPTIONS /fullstack-home-task/us-central1/getAllVisits --> us-central1-getAllVisits
[debug] [2025-06-02T20:35:04.157Z] [functions] Runtime ready! Sending request! {"metadata":{"emulator":{"name":"functions"},"message":"[functions] Runtime ready! Sending request!"}}
[debug] [2025-06-02T20:35:04.157Z] [functions] Got req.url=/fullstack-home-task/us-central1/getAllVisits, mapping to path=/ {"metadata":{"emulator":{"name":"functions"},"message":"[functions] Got req.url=/fullstack-home-task/us-central1/getAllVisits, mapping to path=/"}}
[debug] [2025-06-02T20:35:04.157Z] [worker-pool] submitRequest(triggerId=us-central1-getAllVisits) {"metadata":{"emulator":{"name":"functions"},"message":"[worker-pool] submitRequest(triggerId=us-central1-getAllVisits)"}}
[info] i  functions: Beginning execution of "us-central1-getAllVisits" {"metadata":{"emulator":{"name":"functions"},"function":{"name":"us-central1-getAllVisits"},"extension":{},"message":"Beginning execution of \"us-central1-getAllVisits\""}}
[debug] [2025-06-02T20:35:04.158Z] [worker-us-central1-getAllVisits-db7a9364-7b81-46fa-8ca8-67b1be7a0559]: BUSY {"metadata":{"emulator":{"name":"functions"},"function":{"name":"us-central1-getAllVisits"},"extension":{},"message":"[worker-us-central1-getAllVisits-db7a9364-7b81-46fa-8ca8-67b1be7a0559]: BUSY"}}
[debug] [2025-06-02T20:35:04.158Z] Finishing up request with event=pause {"metadata":{"emulator":{"name":"functions"},"function":{"name":"us-central1-getAllVisits"},"extension":{},"message":"Finishing up request with event=pause"}}
[info] i  functions: Finished "us-central1-getAllVisits" in 2.7162ms {"metadata":{"emulator":{"name":"functions"},"function":{"name":"us-central1-getAllVisits"},"extension":{},"message":"Finished \"us-central1-getAllVisits\" in 2.7162ms"}}
[debug] [2025-06-02T20:35:04.158Z] [worker-us-central1-getAllVisits-d56f6ed4-4fe2-4123-ba0e-14ae22ecf8b5]: IDLE {"metadata":{"emulator":{"name":"functions"},"function":{"name":"us-central1-getAllVisits"},"extension":{},"message":"[worker-us-central1-getAllVisits-d56f6ed4-4fe2-4123-ba0e-14ae22ecf8b5]: IDLE"}}
[debug] [2025-06-02T20:35:04.158Z] Finishing up request with event=finish {"metadata":{"emulator":{"name":"functions"},"function":{"name":"us-central1-getAllVisits"},"extension":{},"message":"Finishing up request with event=finish"}}
[debug] [2025-06-02T20:35:04.159Z] Finishing up request with event=close {"metadata":{"emulator":{"name":"functions"},"function":{"name":"us-central1-getAllVisits"},"extension":{},"message":"Finishing up request with event=close"}}
[debug] [2025-06-02T20:35:04.159Z] [work-queue] {"queuedWork":[],"queueLength":0,"runningWork":["/fullstack-home-task/us-central1/getAllVisits-2025-06-02T20:35:04.156Z"],"workRunningCount":1}
[debug] [2025-06-02T20:35:04.159Z] Finishing up request with event=pause {"metadata":{"emulator":{"name":"functions"},"function":{"name":"us-central1-getAllVisits"},"extension":{},"message":"Finishing up request with event=pause"}}
[info] i  functions: Finished "us-central1-getAllVisits" in 1.2084ms {"metadata":{"emulator":{"name":"functions"},"function":{"name":"us-central1-getAllVisits"},"extension":{},"message":"Finished \"us-central1-getAllVisits\" in 1.2084ms"}}
[debug] [2025-06-02T20:35:04.159Z] [worker-us-central1-getAllVisits-db7a9364-7b81-46fa-8ca8-67b1be7a0559]: IDLE {"metadata":{"emulator":{"name":"functions"},"function":{"name":"us-central1-getAllVisits"},"extension":{},"message":"[worker-us-central1-getAllVisits-db7a9364-7b81-46fa-8ca8-67b1be7a0559]: IDLE"}}
[debug] [2025-06-02T20:35:04.159Z] Finishing up request with event=finish {"metadata":{"emulator":{"name":"functions"},"function":{"name":"us-central1-getAllVisits"},"extension":{},"message":"Finishing up request with event=finish"}}
[debug] [2025-06-02T20:35:04.159Z] Finishing up request with event=close {"metadata":{"emulator":{"name":"functions"},"function":{"name":"us-central1-getAllVisits"},"extension":{},"message":"Finishing up request with event=close"}}
[debug] [2025-06-02T20:35:04.159Z] [work-queue] {"queuedWork":[],"queueLength":0,"runningWork":[],"workRunningCount":0}
[debug] [2025-06-02T20:35:04.159Z] [work-queue] {"queuedWork":["/fullstack-home-task/us-central1/getAllVisits-2025-06-02T20:35:04.159Z"],"queueLength":1,"runningWork":[],"workRunningCount":0}
[debug] [2025-06-02T20:35:04.159Z] [work-queue] {"queuedWork":[],"queueLength":0,"runningWork":["/fullstack-home-task/us-central1/getAllVisits-2025-06-02T20:35:04.159Z"],"workRunningCount":1}
[debug] [2025-06-02T20:35:04.159Z] Accepted request GET /fullstack-home-task/us-central1/getAllVisits --> us-central1-getAllVisits
[debug] [2025-06-02T20:35:04.160Z] [functions] Runtime ready! Sending request! {"metadata":{"emulator":{"name":"functions"},"message":"[functions] Runtime ready! Sending request!"}}
[debug] [2025-06-02T20:35:04.160Z] [functions] Got req.url=/fullstack-home-task/us-central1/getAllVisits, mapping to path=/ {"metadata":{"emulator":{"name":"functions"},"message":"[functions] Got req.url=/fullstack-home-task/us-central1/getAllVisits, mapping to path=/"}}
[debug] [2025-06-02T20:35:04.160Z] [worker-pool] submitRequest(triggerId=us-central1-getAllVisits) {"metadata":{"emulator":{"name":"functions"},"message":"[worker-pool] submitRequest(triggerId=us-central1-getAllVisits)"}}
[info] i  functions: Beginning execution of "us-central1-getAllVisits" {"metadata":{"emulator":{"name":"functions"},"function":{"name":"us-central1-getAllVisits"},"extension":{},"message":"Beginning execution of \"us-central1-getAllVisits\""}}
[debug] [2025-06-02T20:35:04.161Z] [worker-us-central1-getAllVisits-d56f6ed4-4fe2-4123-ba0e-14ae22ecf8b5]: BUSY {"metadata":{"emulator":{"name":"functions"},"function":{"name":"us-central1-getAllVisits"},"extension":{},"message":"[worker-us-central1-getAllVisits-d56f6ed4-4fe2-4123-ba0e-14ae22ecf8b5]: BUSY"}}
[debug] [2025-06-02T20:35:04.505Z] Finishing up request with event=pause {"metadata":{"emulator":{"name":"functions"},"function":{"name":"us-central1-getAllVisits"},"extension":{},"message":"Finishing up request with event=pause"}}
[info] i  functions: Finished "us-central1-getAllVisits" in 344.0185ms {"metadata":{"emulator":{"name":"functions"},"function":{"name":"us-central1-getAllVisits"},"extension":{},"message":"Finished \"us-central1-getAllVisits\" in 344.0185ms"}}
[debug] [2025-06-02T20:35:04.505Z] [worker-us-central1-getAllVisits-d56f6ed4-4fe2-4123-ba0e-14ae22ecf8b5]: IDLE {"metadata":{"emulator":{"name":"functions"},"function":{"name":"us-central1-getAllVisits"},"extension":{},"message":"[worker-us-central1-getAllVisits-d56f6ed4-4fe2-4123-ba0e-14ae22ecf8b5]: IDLE"}}
[debug] [2025-06-02T20:35:04.506Z] Finishing up request with event=finish {"metadata":{"emulator":{"name":"functions"},"function":{"name":"us-central1-getAllVisits"},"extension":{},"message":"Finishing up request with event=finish"}}
[debug] [2025-06-02T20:35:04.506Z] Finishing up request with event=close {"metadata":{"emulator":{"name":"functions"},"function":{"name":"us-central1-getAllVisits"},"extension":{},"message":"Finishing up request with event=close"}}
[debug] [2025-06-02T20:35:04.506Z] [work-queue] {"queuedWork":[],"queueLength":0,"runningWork":[],"workRunningCount":0}
[debug] [2025-06-02T20:35:04.506Z] [work-queue] {"queuedWork":["/fullstack-home-task/us-central1/getAllVisits-2025-06-02T20:35:04.506Z"],"queueLength":1,"runningWork":[],"workRunningCount":0}
[debug] [2025-06-02T20:35:04.506Z] [work-queue] {"queuedWork":[],"queueLength":0,"runningWork":["/fullstack-home-task/us-central1/getAllVisits-2025-06-02T20:35:04.506Z"],"workRunningCount":1}
[debug] [2025-06-02T20:35:04.506Z] Accepted request GET /fullstack-home-task/us-central1/getAllVisits --> us-central1-getAllVisits
[debug] [2025-06-02T20:35:04.506Z] [functions] Runtime ready! Sending request! {"metadata":{"emulator":{"name":"functions"},"message":"[functions] Runtime ready! Sending request!"}}
[debug] [2025-06-02T20:35:04.506Z] [functions] Got req.url=/fullstack-home-task/us-central1/getAllVisits, mapping to path=/ {"metadata":{"emulator":{"name":"functions"},"message":"[functions] Got req.url=/fullstack-home-task/us-central1/getAllVisits, mapping to path=/"}}
[debug] [2025-06-02T20:35:04.507Z] [worker-pool] submitRequest(triggerId=us-central1-getAllVisits) {"metadata":{"emulator":{"name":"functions"},"message":"[worker-pool] submitRequest(triggerId=us-central1-getAllVisits)"}}
[info] i  functions: Beginning execution of "us-central1-getAllVisits" {"metadata":{"emulator":{"name":"functions"},"function":{"name":"us-central1-getAllVisits"},"extension":{},"message":"Beginning execution of \"us-central1-getAllVisits\""}}
[debug] [2025-06-02T20:35:04.507Z] [worker-us-central1-getAllVisits-d56f6ed4-4fe2-4123-ba0e-14ae22ecf8b5]: BUSY {"metadata":{"emulator":{"name":"functions"},"function":{"name":"us-central1-getAllVisits"},"extension":{},"message":"[worker-us-central1-getAllVisits-d56f6ed4-4fe2-4123-ba0e-14ae22ecf8b5]: BUSY"}}
[debug] [2025-06-02T20:35:04.758Z] Finishing up request with event=pause {"metadata":{"emulator":{"name":"functions"},"function":{"name":"us-central1-getAllVisits"},"extension":{},"message":"Finishing up request with event=pause"}}
[info] i  functions: Finished "us-central1-getAllVisits" in 251.6204ms {"metadata":{"emulator":{"name":"functions"},"function":{"name":"us-central1-getAllVisits"},"extension":{},"message":"Finished \"us-central1-getAllVisits\" in 251.6204ms"}}
[debug] [2025-06-02T20:35:04.759Z] [worker-us-central1-getAllVisits-d56f6ed4-4fe2-4123-ba0e-14ae22ecf8b5]: IDLE {"metadata":{"emulator":{"name":"functions"},"function":{"name":"us-central1-getAllVisits"},"extension":{},"message":"[worker-us-central1-getAllVisits-d56f6ed4-4fe2-4123-ba0e-14ae22ecf8b5]: IDLE"}}
[debug] [2025-06-02T20:35:04.759Z] Finishing up request with event=finish {"metadata":{"emulator":{"name":"functions"},"function":{"name":"us-central1-getAllVisits"},"extension":{},"message":"Finishing up request with event=finish"}}
[debug] [2025-06-02T20:35:04.759Z] Finishing up request with event=close {"metadata":{"emulator":{"name":"functions"},"function":{"name":"us-central1-getAllVisits"},"extension":{},"message":"Finishing up request with event=close"}}
[debug] [2025-06-02T20:35:04.759Z] [work-queue] {"queuedWork":[],"queueLength":0,"runningWork":[],"workRunningCount":0}
